<?xml version="1.0" encoding="UTF-8"?>
<testsuite name="ParserTest" tests="1" skipped="0" failures="0" errors="0" timestamp="2024-04-28T10:17:18" hostname="LAPTOP-DOIATH9M" time="0.054">
  <properties/>
  <testcase name="testSortByArea()" classname="ParserTest" time="0.054"/>
  <system-out><![CDATA[]]></system-out>
  <system-err><![CDATA[]]></system-err>
</testsuite>
